<?xml version="1.0" encoding="UTF-8"?>
<!-- Generated by org.testng.reporters.JUnitReportReporter -->
<testsuite hostname="IND-CHN-LT11135" failures="0" tests="1" name="sellenium.grid.selenium" time="3.162" errors="0" timestamp="2023-09-01T15:40:46 IST" skipped="0">
  <testcase classname="sellenium.grid.selenium" name="testGrid" time="3.162"/>
</testsuite> <!-- sellenium.grid.selenium -->
